<?xml version="1.0" encoding="UTF-8"?>
<!-- Generated by org.testng.reporters.JUnitReportReporter -->
<testsuite hostname="DESKTOP-GA5D9PH" failures="0" tests="1" name="trial.script.TC001" time="0.986" errors="0" timestamp="2024-07-04T12:25:34 IST" skipped="0">
  <testcase classname="trial.script.TC001" name="checkingTheLinks" time="0.986"/>
</testsuite> <!-- trial.script.TC001 -->
